<?xml version="1.0" encoding="UTF-8"?>
<!-- Generated by org.testng.reporters.JUnitXMLReporter -->
<testsuite ignored="0" hostname="Tejaswis-MBP" failures="0" tests="1" name="Test" time="0.046" errors="0" timestamp="2021-03-03T12:44:28 IST">
  <testcase classname="testcase.loginTestCase" name="@BeforeMethod stratUp" time="0.003">
    <failure type="java.lang.Error" message="Unresolved compilation problem: 
	Cannot switch on a value of type String for source level below 1.7. Only convertible int values or enum variables are permitted
">
      <![CDATA[java.lang.Error: Unresolved compilation problem: 
Cannot switch on a value of type String for source level below 1.7. Only convertible int values or enum variables are permitted

at baseClass.libraryClass.browserSetUp(libraryClass.java:51)
at testcase.loginTestCase.stratUp(loginTestCase.java:26)
at java.base/java.util.ArrayList.forEach(ArrayList.java:1511)
... Removed 31 stack frames]]>
    </failure>
  </testcase> <!-- @BeforeMethod stratUp -->
  <testcase classname="testcase.loginTestCase" name="@AfterMethod close" time="-1.614755668694E9">
    <skipped/>
  </testcase> <!-- @AfterMethod close -->
  <testcase classname="testcase.loginTestCase" name="@AfterTest endReport" time="-1.614755668696E9">
    <skipped/>
  </testcase> <!-- @AfterTest endReport -->
  <testcase classname="testcase.loginTestCase" name="loginpage" time="0.0">
    <skipped/>
  </testcase> <!-- loginpage -->
</testsuite> <!-- Test -->
